<?xml version="1.0" encoding="UTF-8"?>
<!-- Generated by org.testng.reporters.JUnitXMLReporter -->
<testsuite hostname="LAPTOP-7VQ11PQH" ignored="0" name="Test" tests="3" failures="1" timestamp="2020-09-16T17:00:18 IST" time="35.48" errors="0">
  <testcase name="fgtPwd" time="9.573" classname="JukinMedia.Grails.forgotPassword"/>
  <testcase name="fgtPwd" time="8.783" classname="JukinMedia.Grails.forgotPassword"/>
  <testcase name="navigatetoLogin" time="16.683" classname="JukinMedia.Grails.forgotPassword">
    <failure type="java.lang.AssertionError" message="expected [Login Page] but found [Registration]">
      <![CDATA[java.lang.AssertionError: expected [Login Page] but found [Registration]
at JukinMedia.Grails.forgotPassword.navigatetoLogin(forgotPassword.java:50)
at java.util.ArrayList.forEach(Unknown Source)
at java.util.concurrent.FutureTask.run(Unknown Source)
at java.util.concurrent.ThreadPoolExecutor.runWorker(Unknown Source)
at java.util.concurrent.ThreadPoolExecutor$Worker.run(Unknown Source)
at java.lang.Thread.run(Unknown Source)
... Removed 23 stack frames]]>
    </failure>
  </testcase> <!-- navigatetoLogin -->
</testsuite> <!-- Test -->
